2021-10-25T05:48:34+00:00 CRITICAL Uncaught Error: Call to undefined function c55_syncAllProducts() in /Applications/MAMP/htdocs/wp-content/plugins/c55-woocommerce-unleashed/c55-woocommerce-unleashed.php:100
Stack trace:
#0 /Applications/MAMP/htdocs/wp-admin/includes/template.php(1694): my_setting_section_callback_function(Array)
#1 /Applications/MAMP/htdocs/wp-content/plugins/c55-woocommerce-unleashed/c55-woocommerce-unleashed.php(51): do_settings_sections('sample-page')
#2 /Applications/MAMP/htdocs/wp-includes/class-wp-hook.php(303): my_admin_page_contents('')
#3 /Applications/MAMP/htdocs/wp-includes/class-wp-hook.php(327): WP_Hook->apply_filters('', Array)
#4 /Applications/MAMP/htdocs/wp-includes/plugin.php(470): WP_Hook->do_action(Array)
#5 /Applications/MAMP/htdocs/wp-admin/admin.php(259): do_action('toplevel_page_s...')
#6 {main}
  thrown in /Applications/MAMP/htdocs/wp-content/plugins/c55-woocommerce-unleashed/c55-woocommerce-unleashed.php on line 100

2021-10-25T05:49:43+00:00 CRITICAL Uncaught Error: Call to undefined function c55_syncAllProducts() in /Applications/MAMP/htdocs/wp-content/plugins/c55-woocommerce-unleashed/c55-woocommerce-unleashed.php:100
Stack trace:
#0 /Applications/MAMP/htdocs/wp-admin/includes/template.php(1694): my_setting_section_callback_function(Array)
#1 /Applications/MAMP/htdocs/wp-content/plugins/c55-woocommerce-unleashed/c55-woocommerce-unleashed.php(51): do_settings_sections('sample-page')
#2 /Applications/MAMP/htdocs/wp-includes/class-wp-hook.php(303): my_admin_page_contents('')
#3 /Applications/MAMP/htdocs/wp-includes/class-wp-hook.php(327): WP_Hook->apply_filters('', Array)
#4 /Applications/MAMP/htdocs/wp-includes/plugin.php(470): WP_Hook->do_action(Array)
#5 /Applications/MAMP/htdocs/wp-admin/admin.php(259): do_action('toplevel_page_s...')
#6 {main}
  thrown in /Applications/MAMP/htdocs/wp-content/plugins/c55-woocommerce-unleashed/c55-woocommerce-unleashed.php on line 100

